1576982661385|19|statement|connection 0|/* ping */ SELECT 1|
1576982817673|18|statement|connection 0|/* ping */ SELECT 1|
1576983205526|17|statement|connection 0|/* ping */ SELECT 1|
1576985543591|18|statement|connection 0|/* ping */ SELECT 1|
1577063225401|32|statement|connection 0|/* ping */ SELECT 1|
1577067096897|19|statement|connection 0|/* ping */ SELECT 1|
1577067182507|18|statement|connection 0|/* ping */ SELECT 1|
1577067246369|19|statement|connection 0|/* ping */ SELECT 1|
1577067428423|18|statement|connection 0|/* ping */ SELECT 1|
1577067502867|18|statement|connection 0|/* ping */ SELECT 1|
1577072458809|18|statement|connection 0|/* ping */ SELECT 1|
1577072499858|89|statement|connection 0|select count(*) from admin_users where username=admin and pwd=f9f6dbf2591e8bd59cf101b9aee51f18|select count(*) from admin_users where username=admin and pwd=f9f6dbf2591e8bd59cf101b9aee51f18
1577072558919|19|statement|connection 0|/* ping */ SELECT 1|
1577072565192|17|statement|connection 0|select count(*) from admin_users where username=? and pwd=?|select count(*) from admin_users where username='admin' and pwd='f9f6dbf2591e8bd59cf101b9aee51f18'
1577072584959|0|statement|connection 0|select count(*) from admin_users where username=? and pwd=?|select count(*) from admin_users where username='admin' and pwd='f9f6dbf2591e8bd59cf101b9aee51f18'
1577073783274|18|statement|connection 0|/* ping */ SELECT 1|
1577073809736|0|statement|connection 0|select count(*) from admin_users where username=? and pwd=?|select count(*) from admin_users where username='admin' and pwd='f9f6dbf2591e8bd59cf101b9aee51f18'
1577074039371|0|statement|connection 0|select count(*) from admin_users where username=? and pwd=?|select count(*) from admin_users where username='admin' and pwd='f9f6dbf2591e8bd59cf101b9aee51f18'
1577074073885|0|statement|connection 0|select count(*) from admin_users where username=? and pwd=?|select count(*) from admin_users where username='admin' and pwd='f9f6dbf2591e8bd59cf101b9aee51f18'
1577074106295|19|statement|connection 0|/* ping */ SELECT 1|
1577074139242|0|statement|connection 0|select count(*) from admin_users where username=? and pwd=?|select count(*) from admin_users where username='admin' and pwd='f9f6dbf2591e8bd59cf101b9aee51f18'
1577074344842|0|statement|connection 0|select count(*) from admin_users where username=? and pwd=?|select count(*) from admin_users where username='admin' and pwd='f9f6dbf2591e8bd59cf101b9aee51f18'
1577075008830|1|statement|connection 0|select count(*) from admin_users where username=? and pwd=?|select count(*) from admin_users where username='admin' and pwd='f9f6dbf2591e8bd59cf101b9aee51f18'
1577075132296|19|statement|connection 0|/* ping */ SELECT 1|
1577075159674|1|statement|connection 0|select count(*) from admin_users where username=? and pwd=?|select count(*) from admin_users where username='admin' and pwd='f9f6dbf2591e8bd59cf101b9aee51f18'
1577075942639|1|statement|connection 0|select count(*) from admin_users where username=? and pwd=?|select count(*) from admin_users where username='admin' and pwd='f9f6dbf2591e8bd59cf101b9aee51f18'
1577075980683|21|statement|connection 0|select count(*) from admin_users where username=? and pwd=?|select count(*) from admin_users where username='李云ere ' and pwd='80ec3136b2a9e7cc845d988d55e6f8ac'
1577076020798|0|statement|connection 0|select count(*) from admin_users where username=? and pwd=?|select count(*) from admin_users where username='wuqitianyuan' and pwd='f9f6dbf2591e8bd59cf101b9aee51f18'
1577076058032|0|statement|connection 0|select count(*) from admin_users where username=? and pwd=?|select count(*) from admin_users where username='lisi' and pwd='f9f6dbf2591e8bd59cf101b9aee51f18'
1577076307725|1|statement|connection 0|select count(*) from admin_users where username=? and pwd=?|select count(*) from admin_users where username='lisi' and pwd='f9f6dbf2591e8bd59cf101b9aee51f18'
1577076838093|18|statement|connection 0|/* ping */ SELECT 1|
1577076843530|1|statement|connection 0|select count(*) from admin_users where username=? and pwd=?|select count(*) from admin_users where username='lisi' and pwd='f9f6dbf2591e8bd59cf101b9aee51f18'
1577076862783|1|statement|connection 0|select count(*) from admin_users where username=? and pwd=?|select count(*) from admin_users where username='admin' and pwd='f9f6dbf2591e8bd59cf101b9aee51f18'
1577077156574|18|statement|connection 0|/* ping */ SELECT 1|
1577077169801|1|statement|connection 0|select count(*) from admin_users where username=? and pwd=?|select count(*) from admin_users where username='admin' and pwd='f9f6dbf2591e8bd59cf101b9aee51f18'
1577077186274|0|statement|connection 0|select count(*) from admin_users where username=? and pwd=?|select count(*) from admin_users where username='admin' and pwd='f9f6dbf2591e8bd59cf101b9aee51f18'
1577077837415|20|statement|connection 0|/* ping */ SELECT 1|
1577077847468|1|statement|connection 0|select count(*) from admin_users where username=? and pwd=?|select count(*) from admin_users where username='admin' and pwd='f9f6dbf2591e8bd59cf101b9aee51f18'
1577077879854|0|statement|connection 0|select count(*) from admin_users where username=? and pwd=?|select count(*) from admin_users where username='admin' and pwd='f9f6dbf2591e8bd59cf101b9aee51f18'
1577078167406|20|statement|connection 0|/* ping */ SELECT 1|
1577078195485|0|statement|connection 0|select count(*) from admin_users where username=? and pwd=?|select count(*) from admin_users where username='admin' and pwd='f9f6dbf2591e8bd59cf101b9aee51f18'
1577078195549|1|statement|connection 0|SELECT am.* FROM admin_users au INNER JOIN admin_user_authority aua         ON au.id=aua.userId INNER JOIN  admin_menus am ON am.id=         aua.menuId WHERE au.username=? AND am.parentId=?;|SELECT am.* FROM admin_users au INNER JOIN admin_user_authority aua         ON au.id=aua.userId INNER JOIN  admin_menus am ON am.id=         aua.menuId WHERE au.username='admin' AND am.parentId=0;
1577078204354|1|statement|connection 0|SELECT am.* FROM admin_users au INNER JOIN admin_user_authority aua         ON au.id=aua.userId INNER JOIN  admin_menus am ON am.id=         aua.menuId WHERE au.username=? AND am.parentId=?;|SELECT am.* FROM admin_users au INNER JOIN admin_user_authority aua         ON au.id=aua.userId INNER JOIN  admin_menus am ON am.id=         aua.menuId WHERE au.username='admin' AND am.parentId=1;
1577078212437|0|statement|connection 0|SELECT am.* FROM admin_users au INNER JOIN admin_user_authority aua         ON au.id=aua.userId INNER JOIN  admin_menus am ON am.id=         aua.menuId WHERE au.username=? AND am.parentId=?;|SELECT am.* FROM admin_users au INNER JOIN admin_user_authority aua         ON au.id=aua.userId INNER JOIN  admin_menus am ON am.id=         aua.menuId WHERE au.username='admin' AND am.parentId=4;
1577078214920|1|statement|connection 0|SELECT am.* FROM admin_users au INNER JOIN admin_user_authority aua         ON au.id=aua.userId INNER JOIN  admin_menus am ON am.id=         aua.menuId WHERE au.username=? AND am.parentId=?;|SELECT am.* FROM admin_users au INNER JOIN admin_user_authority aua         ON au.id=aua.userId INNER JOIN  admin_menus am ON am.id=         aua.menuId WHERE au.username='admin' AND am.parentId=6;
1577264280123|27|statement|connection 0|/* ping */ SELECT 1|
1577264310468|64|statement|connection 0|select count(*) from admin_users where username=? and pwd=?|select count(*) from admin_users where username='admin' and pwd='f9f6dbf2591e8bd59cf101b9aee51f18'
1577264310532|2|statement|connection 0|SELECT am.* FROM admin_users au INNER JOIN admin_user_authority aua         ON au.id=aua.userId INNER JOIN  admin_menus am ON am.id=         aua.menuId WHERE au.username=? AND am.parentId=?;|SELECT am.* FROM admin_users au INNER JOIN admin_user_authority aua         ON au.id=aua.userId INNER JOIN  admin_menus am ON am.id=         aua.menuId WHERE au.username='admin' AND am.parentId=0;
1577264313337|1|statement|connection 0|SELECT am.* FROM admin_users au INNER JOIN admin_user_authority aua         ON au.id=aua.userId INNER JOIN  admin_menus am ON am.id=         aua.menuId WHERE au.username=? AND am.parentId=?;|SELECT am.* FROM admin_users au INNER JOIN admin_user_authority aua         ON au.id=aua.userId INNER JOIN  admin_menus am ON am.id=         aua.menuId WHERE au.username='admin' AND am.parentId=1;
1577264314307|1|statement|connection 0|SELECT am.* FROM admin_users au INNER JOIN admin_user_authority aua         ON au.id=aua.userId INNER JOIN  admin_menus am ON am.id=         aua.menuId WHERE au.username=? AND am.parentId=?;|SELECT am.* FROM admin_users au INNER JOIN admin_user_authority aua         ON au.id=aua.userId INNER JOIN  admin_menus am ON am.id=         aua.menuId WHERE au.username='admin' AND am.parentId=4;
1577264314934|0|statement|connection 0|SELECT am.* FROM admin_users au INNER JOIN admin_user_authority aua         ON au.id=aua.userId INNER JOIN  admin_menus am ON am.id=         aua.menuId WHERE au.username=? AND am.parentId=?;|SELECT am.* FROM admin_users au INNER JOIN admin_user_authority aua         ON au.id=aua.userId INNER JOIN  admin_menus am ON am.id=         aua.menuId WHERE au.username='admin' AND am.parentId=6;
1577264341431|1|statement|connection 0|select count(*) from admin_users where username=? and pwd=?|select count(*) from admin_users where username='lisi' and pwd='f9f6dbf2591e8bd59cf101b9aee51f18'
1577264341487|0|statement|connection 0|SELECT am.* FROM admin_users au INNER JOIN admin_user_authority aua         ON au.id=aua.userId INNER JOIN  admin_menus am ON am.id=         aua.menuId WHERE au.username=? AND am.parentId=?;|SELECT am.* FROM admin_users au INNER JOIN admin_user_authority aua         ON au.id=aua.userId INNER JOIN  admin_menus am ON am.id=         aua.menuId WHERE au.username='lisi' AND am.parentId=0;
1577264466917|1|statement|connection 0|select count(*) from admin_users where username=? and pwd=?|select count(*) from admin_users where username='admin' and pwd='f9f6dbf2591e8bd59cf101b9aee51f18'
1577264466987|0|statement|connection 0|SELECT am.* FROM admin_users au INNER JOIN admin_user_authority aua         ON au.id=aua.userId INNER JOIN  admin_menus am ON am.id=         aua.menuId WHERE au.username=? AND am.parentId=?;|SELECT am.* FROM admin_users au INNER JOIN admin_user_authority aua         ON au.id=aua.userId INNER JOIN  admin_menus am ON am.id=         aua.menuId WHERE au.username='admin' AND am.parentId=0;
1577264470734|1|statement|connection 0|SELECT am.* FROM admin_users au INNER JOIN admin_user_authority aua         ON au.id=aua.userId INNER JOIN  admin_menus am ON am.id=         aua.menuId WHERE au.username=? AND am.parentId=?;|SELECT am.* FROM admin_users au INNER JOIN admin_user_authority aua         ON au.id=aua.userId INNER JOIN  admin_menus am ON am.id=         aua.menuId WHERE au.username='admin' AND am.parentId=1;
1577264763438|1|statement|connection 0|select count(*) from admin_users where username=? and pwd=?|select count(*) from admin_users where username='admin' and pwd='f9f6dbf2591e8bd59cf101b9aee51f18'
1577264763585|1|statement|connection 0|SELECT am.* FROM admin_users au INNER JOIN admin_user_authority aua         ON au.id=aua.userId INNER JOIN  admin_menus am ON am.id=         aua.menuId WHERE au.username=? AND am.parentId=?;|SELECT am.* FROM admin_users au INNER JOIN admin_user_authority aua         ON au.id=aua.userId INNER JOIN  admin_menus am ON am.id=         aua.menuId WHERE au.username='admin' AND am.parentId=0;
1577264823808|0|statement|connection 0|SELECT am.* FROM admin_users au INNER JOIN admin_user_authority aua         ON au.id=aua.userId INNER JOIN  admin_menus am ON am.id=         aua.menuId WHERE au.username=? AND am.parentId=?;|SELECT am.* FROM admin_users au INNER JOIN admin_user_authority aua         ON au.id=aua.userId INNER JOIN  admin_menus am ON am.id=         aua.menuId WHERE au.username='admin' AND am.parentId=1;
1577265566327|1|statement|connection 0|select count(*) from admin_users where username=? and pwd=?|select count(*) from admin_users where username='admin' and pwd='f9f6dbf2591e8bd59cf101b9aee51f18'
1577265566403|1|statement|connection 0|SELECT am.* FROM admin_users au INNER JOIN admin_user_authority aua         ON au.id=aua.userId INNER JOIN  admin_menus am ON am.id=         aua.menuId WHERE au.username=? AND am.parentId=?;|SELECT am.* FROM admin_users au INNER JOIN admin_user_authority aua         ON au.id=aua.userId INNER JOIN  admin_menus am ON am.id=         aua.menuId WHERE au.username='admin' AND am.parentId=0;
1577265568381|0|statement|connection 0|SELECT am.* FROM admin_users au INNER JOIN admin_user_authority aua         ON au.id=aua.userId INNER JOIN  admin_menus am ON am.id=         aua.menuId WHERE au.username=? AND am.parentId=?;|SELECT am.* FROM admin_users au INNER JOIN admin_user_authority aua         ON au.id=aua.userId INNER JOIN  admin_menus am ON am.id=         aua.menuId WHERE au.username='admin' AND am.parentId=1;
1577330830302|19|statement|connection 0|/* ping */ SELECT 1|
1577331087877|52|statement|connection 0|select count(*) from admin_users where username=? and pwd=?|select count(*) from admin_users where username='admin' and pwd='f9f6dbf2591e8bd59cf101b9aee51f18'
1577331088287|15|statement|connection 0|SELECT am.* FROM admin_users au INNER JOIN admin_user_authority aua         ON au.id=aua.userId INNER JOIN  admin_menus am ON am.id=         aua.menuId WHERE au.username=? AND am.parentId=?;|SELECT am.* FROM admin_users au INNER JOIN admin_user_authority aua         ON au.id=aua.userId INNER JOIN  admin_menus am ON am.id=         aua.menuId WHERE au.username='admin' AND am.parentId=0;
1577331090229|1|statement|connection 0|SELECT am.* FROM admin_users au INNER JOIN admin_user_authority aua         ON au.id=aua.userId INNER JOIN  admin_menus am ON am.id=         aua.menuId WHERE au.username=? AND am.parentId=?;|SELECT am.* FROM admin_users au INNER JOIN admin_user_authority aua         ON au.id=aua.userId INNER JOIN  admin_menus am ON am.id=         aua.menuId WHERE au.username='admin' AND am.parentId=1;
1577331091282|10|statement|connection 0|select * from web_menu where menu_type='1' limit ?, ?|select * from web_menu where menu_type='1' limit NULL, NULL
1577333374780|0|statement|connection 10|select count(*) from admin_users where username=? and pwd=?|select count(*) from admin_users where username='admin' and pwd='f9f6dbf2591e8bd59cf101b9aee51f18'
1577333374939|5|statement|connection 10|SELECT am.* FROM admin_users au INNER JOIN admin_user_authority aua         ON au.id=aua.userId INNER JOIN  admin_menus am ON am.id=         aua.menuId WHERE au.username=? AND am.parentId=?;|SELECT am.* FROM admin_users au INNER JOIN admin_user_authority aua         ON au.id=aua.userId INNER JOIN  admin_menus am ON am.id=         aua.menuId WHERE au.username='admin' AND am.parentId=0;
1577333377340|1|statement|connection 10|SELECT am.* FROM admin_users au INNER JOIN admin_user_authority aua         ON au.id=aua.userId INNER JOIN  admin_menus am ON am.id=         aua.menuId WHERE au.username=? AND am.parentId=?;|SELECT am.* FROM admin_users au INNER JOIN admin_user_authority aua         ON au.id=aua.userId INNER JOIN  admin_menus am ON am.id=         aua.menuId WHERE au.username='admin' AND am.parentId=1;
1577333378023|0|statement|connection 10|select * from web_menu where menu_type='1' limit ?, ?|select * from web_menu where menu_type='1' limit NULL, NULL
1577335091994|17|statement|connection 0|/* ping */ SELECT 1|
1577335102377|1|statement|connection 0|select count(*) from admin_users where username=? and pwd=?|select count(*) from admin_users where username='admin' and pwd='f9f6dbf2591e8bd59cf101b9aee51f18'
1577335102861|0|statement|connection 0|SELECT am.* FROM admin_users au INNER JOIN admin_user_authority aua         ON au.id=aua.userId INNER JOIN  admin_menus am ON am.id=         aua.menuId WHERE au.username=? AND am.parentId=?;|SELECT am.* FROM admin_users au INNER JOIN admin_user_authority aua         ON au.id=aua.userId INNER JOIN  admin_menus am ON am.id=         aua.menuId WHERE au.username='admin' AND am.parentId=0;
1577335106694|0|statement|connection 0|SELECT am.* FROM admin_users au INNER JOIN admin_user_authority aua         ON au.id=aua.userId INNER JOIN  admin_menus am ON am.id=         aua.menuId WHERE au.username=? AND am.parentId=?;|SELECT am.* FROM admin_users au INNER JOIN admin_user_authority aua         ON au.id=aua.userId INNER JOIN  admin_menus am ON am.id=         aua.menuId WHERE au.username='admin' AND am.parentId=1;
1577335107751|8|statement|connection 0|select * from web_menu where menu_type='1' limit ?, ?|select * from web_menu where menu_type='1' limit 1, 0
1577335163485|18|statement|connection 0|/* ping */ SELECT 1|
1577335166886|1|statement|connection 0|select count(*) from admin_users where username=? and pwd=?|select count(*) from admin_users where username='admin' and pwd='f9f6dbf2591e8bd59cf101b9aee51f18'
1577335167379|1|statement|connection 0|SELECT am.* FROM admin_users au INNER JOIN admin_user_authority aua         ON au.id=aua.userId INNER JOIN  admin_menus am ON am.id=         aua.menuId WHERE au.username=? AND am.parentId=?;|SELECT am.* FROM admin_users au INNER JOIN admin_user_authority aua         ON au.id=aua.userId INNER JOIN  admin_menus am ON am.id=         aua.menuId WHERE au.username='admin' AND am.parentId=0;
1577335169288|0|statement|connection 0|SELECT am.* FROM admin_users au INNER JOIN admin_user_authority aua         ON au.id=aua.userId INNER JOIN  admin_menus am ON am.id=         aua.menuId WHERE au.username=? AND am.parentId=?;|SELECT am.* FROM admin_users au INNER JOIN admin_user_authority aua         ON au.id=aua.userId INNER JOIN  admin_menus am ON am.id=         aua.menuId WHERE au.username='admin' AND am.parentId=1;
1577335170123|1|statement|connection 0|select * from web_menu where menuType='1' limit ?, ?|select * from web_menu where menuType='1' limit 1, 0
1577335280583|21|statement|connection 0|/* ping */ SELECT 1|
1577335295611|1|statement|connection 0|select count(*) from admin_users where username=? and pwd=?|select count(*) from admin_users where username='admin' and pwd='f9f6dbf2591e8bd59cf101b9aee51f18'
1577335296100|1|statement|connection 0|SELECT am.* FROM admin_users au INNER JOIN admin_user_authority aua         ON au.id=aua.userId INNER JOIN  admin_menus am ON am.id=         aua.menuId WHERE au.username=? AND am.parentId=?;|SELECT am.* FROM admin_users au INNER JOIN admin_user_authority aua         ON au.id=aua.userId INNER JOIN  admin_menus am ON am.id=         aua.menuId WHERE au.username='admin' AND am.parentId=0;
1577335297559|1|statement|connection 0|SELECT am.* FROM admin_users au INNER JOIN admin_user_authority aua         ON au.id=aua.userId INNER JOIN  admin_menus am ON am.id=         aua.menuId WHERE au.username=? AND am.parentId=?;|SELECT am.* FROM admin_users au INNER JOIN admin_user_authority aua         ON au.id=aua.userId INNER JOIN  admin_menus am ON am.id=         aua.menuId WHERE au.username='admin' AND am.parentId=1;
1577335298445|1|statement|connection 0|select * from web_menu where menuType='1' limit ?, ?|select * from web_menu where menuType='1' limit 1, 10
1577335307369|1|statement|connection 0|select * from web_menu where menuType='1' limit ?, ?|select * from web_menu where menuType='1' limit 1, 5
1577337168293|18|statement|connection 0|/* ping */ SELECT 1|
1577337177184|0|statement|connection 0|select count(*) from admin_users where username=? and pwd=?|select count(*) from admin_users where username='admin' and pwd='f9f6dbf2591e8bd59cf101b9aee51f18'
1577337177675|1|statement|connection 0|SELECT am.* FROM admin_users au INNER JOIN admin_user_authority aua         ON au.id=aua.userId INNER JOIN  admin_menus am ON am.id=         aua.menuId WHERE au.username=? AND am.parentId=?;|SELECT am.* FROM admin_users au INNER JOIN admin_user_authority aua         ON au.id=aua.userId INNER JOIN  admin_menus am ON am.id=         aua.menuId WHERE au.username='admin' AND am.parentId=0;
1577337179213|0|statement|connection 0|SELECT am.* FROM admin_users au INNER JOIN admin_user_authority aua         ON au.id=aua.userId INNER JOIN  admin_menus am ON am.id=         aua.menuId WHERE au.username=? AND am.parentId=?;|SELECT am.* FROM admin_users au INNER JOIN admin_user_authority aua         ON au.id=aua.userId INNER JOIN  admin_menus am ON am.id=         aua.menuId WHERE au.username='admin' AND am.parentId=1;
1577337180124|0|statement|connection 0|select * from web_menu where menuType='1' limit ?, ?|select * from web_menu where menuType='1' limit 0, 10
1577337180127|1|statement|connection 0|select count(*) from web_menu where menuType='1'|select count(*) from web_menu where menuType='1'
1577337180128|1|commit|connection 0||
1577337183155|0|statement|connection 0|select * from web_menu where menuType='1' limit ?, ?|select * from web_menu where menuType='1' limit 0, 5
1577337183157|1|statement|connection 0|select count(*) from web_menu where menuType='1'|select count(*) from web_menu where menuType='1'
1577337183157|0|commit|connection 0||
1577337186649|1|statement|connection 0|select * from web_menu where menuType='1' limit ?, ?|select * from web_menu where menuType='1' limit 5, 10
1577337186650|1|statement|connection 0|select count(*) from web_menu where menuType='1'|select count(*) from web_menu where menuType='1'
1577337186650|0|commit|connection 0||
1577355873791|19|statement|connection 0|/* ping */ SELECT 1|
1577355892616|1|statement|connection 0|select count(*) from admin_users where username=? and pwd=?|select count(*) from admin_users where username='admin' and pwd='f9f6dbf2591e8bd59cf101b9aee51f18'
1577355893284|1|statement|connection 0|SELECT am.* FROM admin_users au INNER JOIN admin_user_authority aua         ON au.id=aua.userId INNER JOIN  admin_menus am ON am.id=         aua.menuId WHERE au.username=? AND am.parentId=?;|SELECT am.* FROM admin_users au INNER JOIN admin_user_authority aua         ON au.id=aua.userId INNER JOIN  admin_menus am ON am.id=         aua.menuId WHERE au.username='admin' AND am.parentId=0;
1577355895476|1|statement|connection 0|SELECT am.* FROM admin_users au INNER JOIN admin_user_authority aua         ON au.id=aua.userId INNER JOIN  admin_menus am ON am.id=         aua.menuId WHERE au.username=? AND am.parentId=?;|SELECT am.* FROM admin_users au INNER JOIN admin_user_authority aua         ON au.id=aua.userId INNER JOIN  admin_menus am ON am.id=         aua.menuId WHERE au.username='admin' AND am.parentId=1;
1577355896280|1|statement|connection 0|select * from web_menu where menuType='1' limit ?, ?|select * from web_menu where menuType='1' limit 0, 10
1577355896282|0|statement|connection 0|select count(*) from web_menu where menuType='1'|select count(*) from web_menu where menuType='1'
1577355896283|0|commit|connection 0||
1577355977481|20|statement|connection 0|/* ping */ SELECT 1|
1577355983207|0|statement|connection 0|select count(*) from admin_users where username=? and pwd=?|select count(*) from admin_users where username='admin' and pwd='f9f6dbf2591e8bd59cf101b9aee51f18'
1577355983711|0|statement|connection 0|SELECT am.* FROM admin_users au INNER JOIN admin_user_authority aua         ON au.id=aua.userId INNER JOIN  admin_menus am ON am.id=         aua.menuId WHERE au.username=? AND am.parentId=?;|SELECT am.* FROM admin_users au INNER JOIN admin_user_authority aua         ON au.id=aua.userId INNER JOIN  admin_menus am ON am.id=         aua.menuId WHERE au.username='admin' AND am.parentId=0;
1577355984889|0|statement|connection 0|SELECT am.* FROM admin_users au INNER JOIN admin_user_authority aua         ON au.id=aua.userId INNER JOIN  admin_menus am ON am.id=         aua.menuId WHERE au.username=? AND am.parentId=?;|SELECT am.* FROM admin_users au INNER JOIN admin_user_authority aua         ON au.id=aua.userId INNER JOIN  admin_menus am ON am.id=         aua.menuId WHERE au.username='admin' AND am.parentId=1;
1577355985739|1|statement|connection 0|select * from web_menu where menuType='1' limit ?, ?|select * from web_menu where menuType='1' limit 0, 10
1577355985741|0|statement|connection 0|select count(*) from web_menu where menuType='1'|select count(*) from web_menu where menuType='1'
1577355985742|0|commit|connection 0||
1577356103346|40|statement|connection 0|/* ping */ SELECT 1|
1577356112385|1|statement|connection 0|select count(*) from admin_users where username=? and pwd=?|select count(*) from admin_users where username='admin' and pwd='f9f6dbf2591e8bd59cf101b9aee51f18'
1577356112871|1|statement|connection 0|SELECT am.* FROM admin_users au INNER JOIN admin_user_authority aua         ON au.id=aua.userId INNER JOIN  admin_menus am ON am.id=         aua.menuId WHERE au.username=? AND am.parentId=?;|SELECT am.* FROM admin_users au INNER JOIN admin_user_authority aua         ON au.id=aua.userId INNER JOIN  admin_menus am ON am.id=         aua.menuId WHERE au.username='admin' AND am.parentId=0;
1577356114392|1|statement|connection 0|SELECT am.* FROM admin_users au INNER JOIN admin_user_authority aua         ON au.id=aua.userId INNER JOIN  admin_menus am ON am.id=         aua.menuId WHERE au.username=? AND am.parentId=?;|SELECT am.* FROM admin_users au INNER JOIN admin_user_authority aua         ON au.id=aua.userId INNER JOIN  admin_menus am ON am.id=         aua.menuId WHERE au.username='admin' AND am.parentId=1;
1577356115153|1|statement|connection 0|select * from web_menu where menuType='1' limit ?, ?|select * from web_menu where menuType='1' limit 0, 10
1577356115155|0|statement|connection 0|select count(*) from web_menu where menuType='1'|select count(*) from web_menu where menuType='1'
1577356115156|0|commit|connection 0||
1577356204203|18|statement|connection 0|/* ping */ SELECT 1|
1577356214989|1|statement|connection 0|select count(*) from admin_users where username=? and pwd=?|select count(*) from admin_users where username='admin' and pwd='f9f6dbf2591e8bd59cf101b9aee51f18'
1577356215515|1|statement|connection 0|SELECT am.* FROM admin_users au INNER JOIN admin_user_authority aua         ON au.id=aua.userId INNER JOIN  admin_menus am ON am.id=         aua.menuId WHERE au.username=? AND am.parentId=?;|SELECT am.* FROM admin_users au INNER JOIN admin_user_authority aua         ON au.id=aua.userId INNER JOIN  admin_menus am ON am.id=         aua.menuId WHERE au.username='admin' AND am.parentId=0;
1577356216407|1|statement|connection 0|SELECT am.* FROM admin_users au INNER JOIN admin_user_authority aua         ON au.id=aua.userId INNER JOIN  admin_menus am ON am.id=         aua.menuId WHERE au.username=? AND am.parentId=?;|SELECT am.* FROM admin_users au INNER JOIN admin_user_authority aua         ON au.id=aua.userId INNER JOIN  admin_menus am ON am.id=         aua.menuId WHERE au.username='admin' AND am.parentId=1;
1577356217217|1|statement|connection 0|select * from web_menu where menuType='1' limit ?, ?|select * from web_menu where menuType='1' limit 0, 10
1577356217219|1|statement|connection 0|select count(*) from web_menu where menuType='1'|select count(*) from web_menu where menuType='1'
1577356217219|0|commit|connection 0||
1577356224072|9|statement|connection 0|insert into 'web_menu'('title','url') values(?,?)|insert into 'web_menu'('title','url') values('test1','http://www.baidu.com')
1577356297194|20|statement|connection 0|/* ping */ SELECT 1|
1577356304323|1|statement|connection 0|select count(*) from admin_users where username=? and pwd=?|select count(*) from admin_users where username='admin' and pwd='f9f6dbf2591e8bd59cf101b9aee51f18'
1577356304820|1|statement|connection 0|SELECT am.* FROM admin_users au INNER JOIN admin_user_authority aua         ON au.id=aua.userId INNER JOIN  admin_menus am ON am.id=         aua.menuId WHERE au.username=? AND am.parentId=?;|SELECT am.* FROM admin_users au INNER JOIN admin_user_authority aua         ON au.id=aua.userId INNER JOIN  admin_menus am ON am.id=         aua.menuId WHERE au.username='admin' AND am.parentId=0;
1577356305772|1|statement|connection 0|SELECT am.* FROM admin_users au INNER JOIN admin_user_authority aua         ON au.id=aua.userId INNER JOIN  admin_menus am ON am.id=         aua.menuId WHERE au.username=? AND am.parentId=?;|SELECT am.* FROM admin_users au INNER JOIN admin_user_authority aua         ON au.id=aua.userId INNER JOIN  admin_menus am ON am.id=         aua.menuId WHERE au.username='admin' AND am.parentId=1;
1577356306456|1|statement|connection 0|select * from web_menu where menuType='1' limit ?, ?|select * from web_menu where menuType='1' limit 0, 10
1577356306458|0|statement|connection 0|select count(*) from web_menu where menuType='1'|select count(*) from web_menu where menuType='1'
1577356306459|0|commit|connection 0||
1577356313313|9|statement|connection 0|insert into web_menu('title','url') values(?,?)|insert into web_menu('title','url') values('test1','http://www.baidu.com')
1577356348065|18|statement|connection 0|/* ping */ SELECT 1|
1577356357266|1|statement|connection 0|select count(*) from admin_users where username=? and pwd=?|select count(*) from admin_users where username='admin' and pwd='f9f6dbf2591e8bd59cf101b9aee51f18'
1577356357784|0|statement|connection 0|SELECT am.* FROM admin_users au INNER JOIN admin_user_authority aua         ON au.id=aua.userId INNER JOIN  admin_menus am ON am.id=         aua.menuId WHERE au.username=? AND am.parentId=?;|SELECT am.* FROM admin_users au INNER JOIN admin_user_authority aua         ON au.id=aua.userId INNER JOIN  admin_menus am ON am.id=         aua.menuId WHERE au.username='admin' AND am.parentId=0;
1577356358864|1|statement|connection 0|SELECT am.* FROM admin_users au INNER JOIN admin_user_authority aua         ON au.id=aua.userId INNER JOIN  admin_menus am ON am.id=         aua.menuId WHERE au.username=? AND am.parentId=?;|SELECT am.* FROM admin_users au INNER JOIN admin_user_authority aua         ON au.id=aua.userId INNER JOIN  admin_menus am ON am.id=         aua.menuId WHERE au.username='admin' AND am.parentId=1;
1577356359560|1|statement|connection 0|select * from web_menu where menuType='1' limit ?, ?|select * from web_menu where menuType='1' limit 0, 10
1577356359562|0|statement|connection 0|select count(*) from web_menu where menuType='1'|select count(*) from web_menu where menuType='1'
1577356359563|0|commit|connection 0||
1577356366980|154|statement|connection 0|insert into web_menu(title,url) values(?,?)|insert into web_menu(title,url) values('test1','http://www.baidu.com')
1577356367033|0|statement|connection 0|select * from web_menu where menuType='1' limit ?, ?|select * from web_menu where menuType='1' limit 0, 10
1577356367037|0|statement|connection 0|select count(*) from web_menu where menuType='1'|select count(*) from web_menu where menuType='1'
1577356367039|1|commit|connection 0||
1577356381497|0|statement|connection 0|select * from web_menu where menuType='1' limit ?, ?|select * from web_menu where menuType='1' limit 0, 10
1577356381499|0|statement|connection 0|select count(*) from web_menu where menuType='1'|select count(*) from web_menu where menuType='1'
1577356381500|0|commit|connection 0||
1577356382182|0|statement|connection 0|select * from web_menu where menuType='1' limit ?, ?|select * from web_menu where menuType='1' limit 0, 10
1577356382183|0|statement|connection 0|select count(*) from web_menu where menuType='1'|select count(*) from web_menu where menuType='1'
1577356382184|0|commit|connection 0||
1577356382669|0|statement|connection 0|select * from web_menu where menuType='1' limit ?, ?|select * from web_menu where menuType='1' limit 0, 10
1577356382671|1|statement|connection 0|select count(*) from web_menu where menuType='1'|select count(*) from web_menu where menuType='1'
1577356382671|0|commit|connection 0||
1577356382845|0|statement|connection 0|select * from web_menu where menuType='1' limit ?, ?|select * from web_menu where menuType='1' limit 0, 10
1577356382847|0|statement|connection 0|select count(*) from web_menu where menuType='1'|select count(*) from web_menu where menuType='1'
1577356382848|0|commit|connection 0||
1577356383024|0|statement|connection 0|select * from web_menu where menuType='1' limit ?, ?|select * from web_menu where menuType='1' limit 0, 10
1577356383026|0|statement|connection 0|select count(*) from web_menu where menuType='1'|select count(*) from web_menu where menuType='1'
1577356383026|0|commit|connection 0||
1577356383196|2|statement|connection 0|select * from web_menu where menuType='1' limit ?, ?|select * from web_menu where menuType='1' limit 0, 10
1577356383197|0|statement|connection 0|select count(*) from web_menu where menuType='1'|select count(*) from web_menu where menuType='1'
1577356383198|0|commit|connection 0||
1577356408576|0|statement|connection 0|select * from web_menu where menuType='1' limit ?, ?|select * from web_menu where menuType='1' limit 0, 10
1577356408578|0|statement|connection 0|select count(*) from web_menu where menuType='1'|select count(*) from web_menu where menuType='1'
1577356408579|1|commit|connection 0||
1577356409961|0|statement|connection 0|select count(*) from admin_users where username=? and pwd=?|select count(*) from admin_users where username='admin' and pwd='f9f6dbf2591e8bd59cf101b9aee51f18'
1577356410041|0|statement|connection 0|SELECT am.* FROM admin_users au INNER JOIN admin_user_authority aua         ON au.id=aua.userId INNER JOIN  admin_menus am ON am.id=         aua.menuId WHERE au.username=? AND am.parentId=?;|SELECT am.* FROM admin_users au INNER JOIN admin_user_authority aua         ON au.id=aua.userId INNER JOIN  admin_menus am ON am.id=         aua.menuId WHERE au.username='admin' AND am.parentId=0;
1577356411681|0|statement|connection 0|SELECT am.* FROM admin_users au INNER JOIN admin_user_authority aua         ON au.id=aua.userId INNER JOIN  admin_menus am ON am.id=         aua.menuId WHERE au.username=? AND am.parentId=?;|SELECT am.* FROM admin_users au INNER JOIN admin_user_authority aua         ON au.id=aua.userId INNER JOIN  admin_menus am ON am.id=         aua.menuId WHERE au.username='admin' AND am.parentId=1;
1577356412601|1|statement|connection 0|select * from web_menu where menuType='1' limit ?, ?|select * from web_menu where menuType='1' limit 0, 10
1577356412602|1|statement|connection 0|select count(*) from web_menu where menuType='1'|select count(*) from web_menu where menuType='1'
1577356412602|0|commit|connection 0||
1577356450534|1|statement|connection 0|select count(*) from admin_users where username=? and pwd=?|select count(*) from admin_users where username='admin' and pwd='f9f6dbf2591e8bd59cf101b9aee51f18'
1577356450614|0|statement|connection 0|SELECT am.* FROM admin_users au INNER JOIN admin_user_authority aua         ON au.id=aua.userId INNER JOIN  admin_menus am ON am.id=         aua.menuId WHERE au.username=? AND am.parentId=?;|SELECT am.* FROM admin_users au INNER JOIN admin_user_authority aua         ON au.id=aua.userId INNER JOIN  admin_menus am ON am.id=         aua.menuId WHERE au.username='admin' AND am.parentId=0;
1577356451902|1|statement|connection 0|SELECT am.* FROM admin_users au INNER JOIN admin_user_authority aua         ON au.id=aua.userId INNER JOIN  admin_menus am ON am.id=         aua.menuId WHERE au.username=? AND am.parentId=?;|SELECT am.* FROM admin_users au INNER JOIN admin_user_authority aua         ON au.id=aua.userId INNER JOIN  admin_menus am ON am.id=         aua.menuId WHERE au.username='admin' AND am.parentId=1;
1577356452661|0|statement|connection 0|select * from web_menu where menuType='1' limit ?, ?|select * from web_menu where menuType='1' limit 0, 10
1577356452662|0|statement|connection 0|select count(*) from web_menu where menuType='1'|select count(*) from web_menu where menuType='1'
1577356452663|0|commit|connection 0||
1577356581296|19|statement|connection 0|/* ping */ SELECT 1|
1577356586402|1|statement|connection 0|select count(*) from admin_users where username=? and pwd=?|select count(*) from admin_users where username='admin' and pwd='f9f6dbf2591e8bd59cf101b9aee51f18'
1577356586963|1|statement|connection 0|SELECT am.* FROM admin_users au INNER JOIN admin_user_authority aua         ON au.id=aua.userId INNER JOIN  admin_menus am ON am.id=         aua.menuId WHERE au.username=? AND am.parentId=?;|SELECT am.* FROM admin_users au INNER JOIN admin_user_authority aua         ON au.id=aua.userId INNER JOIN  admin_menus am ON am.id=         aua.menuId WHERE au.username='admin' AND am.parentId=0;
1577356588388|1|statement|connection 0|SELECT am.* FROM admin_users au INNER JOIN admin_user_authority aua         ON au.id=aua.userId INNER JOIN  admin_menus am ON am.id=         aua.menuId WHERE au.username=? AND am.parentId=?;|SELECT am.* FROM admin_users au INNER JOIN admin_user_authority aua         ON au.id=aua.userId INNER JOIN  admin_menus am ON am.id=         aua.menuId WHERE au.username='admin' AND am.parentId=1;
1577356589440|1|statement|connection 0|select * from web_menu where menuType='1' limit ?, ?|select * from web_menu where menuType='1' limit 0, 10
1577356589442|0|statement|connection 0|select count(*) from web_menu where menuType='1'|select count(*) from web_menu where menuType='1'
1577356589443|0|commit|connection 0||
1577356615884|147|statement|connection 0|insert into web_menu values(null,?,?,1,now())|insert into web_menu values(null,'test2','http://www.google.com',1,now())
1577356615933|1|statement|connection 0|select * from web_menu where menuType='1' limit ?, ?|select * from web_menu where menuType='1' limit 0, 10
1577356615936|0|statement|connection 0|select count(*) from web_menu where menuType='1'|select count(*) from web_menu where menuType='1'
1577356615937|0|commit|connection 0||
1577584702116|17|statement|connection 0|/* ping */ SELECT 1|
1577584741209|144|statement|connection 0|select count(*) from admin_users where username=? and pwd=?|select count(*) from admin_users where username='admin' and pwd='f9f6dbf2591e8bd59cf101b9aee51f18'
1577584741746|21|statement|connection 0|SELECT am.* FROM admin_users au INNER JOIN admin_user_authority aua         ON au.id=aua.userId INNER JOIN  admin_menus am ON am.id=         aua.menuId WHERE au.username=? AND am.parentId=?;|SELECT am.* FROM admin_users au INNER JOIN admin_user_authority aua         ON au.id=aua.userId INNER JOIN  admin_menus am ON am.id=         aua.menuId WHERE au.username='admin' AND am.parentId=0;
1577584745003|0|statement|connection 0|SELECT am.* FROM admin_users au INNER JOIN admin_user_authority aua         ON au.id=aua.userId INNER JOIN  admin_menus am ON am.id=         aua.menuId WHERE au.username=? AND am.parentId=?;|SELECT am.* FROM admin_users au INNER JOIN admin_user_authority aua         ON au.id=aua.userId INNER JOIN  admin_menus am ON am.id=         aua.menuId WHERE au.username='admin' AND am.parentId=1;
1577584747072|30|statement|connection 0|select * from web_menu where menuType='1' limit ?, ?|select * from web_menu where menuType='1' limit 0, 10
1577584747075|0|statement|connection 0|select count(*) from web_menu where menuType='1'|select count(*) from web_menu where menuType='1'
1577584747076|0|commit|connection 0||
1577584753642|0|statement|connection 0|select * from web_menu where menuType='1' limit ?, ?|select * from web_menu where menuType='1' limit 0, 5
1577584753644|1|statement|connection 0|select count(*) from web_menu where menuType='1'|select count(*) from web_menu where menuType='1'
1577584753644|0|commit|connection 0||
1577584755535|0|statement|connection 0|select * from web_menu where menuType='1' limit ?, ?|select * from web_menu where menuType='1' limit 5, 10
1577584755537|1|statement|connection 0|select count(*) from web_menu where menuType='1'|select count(*) from web_menu where menuType='1'
1577584755537|0|commit|connection 0||
1577586176210|272|statement|connection 0|insert into web_menu values(null,?,?,1,now())|insert into web_menu values(null,'test1','http://www.baidu.com',1,now())
1577586176264|0|statement|connection 0|select * from web_menu where menuType='1' limit ?, ?|select * from web_menu where menuType='1' limit 5, 10
1577586176267|0|statement|connection 0|select count(*) from web_menu where menuType='1'|select count(*) from web_menu where menuType='1'
1577586176267|0|commit|connection 0||
1577586995037|1|statement|connection 10|select count(*) from admin_users where username=? and pwd=?|select count(*) from admin_users where username='admin' and pwd='f9f6dbf2591e8bd59cf101b9aee51f18'
1577586995106|1|statement|connection 10|SELECT am.* FROM admin_users au INNER JOIN admin_user_authority aua         ON au.id=aua.userId INNER JOIN  admin_menus am ON am.id=         aua.menuId WHERE au.username=? AND am.parentId=?;|SELECT am.* FROM admin_users au INNER JOIN admin_user_authority aua         ON au.id=aua.userId INNER JOIN  admin_menus am ON am.id=         aua.menuId WHERE au.username='admin' AND am.parentId=0;
1577586997041|1|statement|connection 10|SELECT am.* FROM admin_users au INNER JOIN admin_user_authority aua         ON au.id=aua.userId INNER JOIN  admin_menus am ON am.id=         aua.menuId WHERE au.username=? AND am.parentId=?;|SELECT am.* FROM admin_users au INNER JOIN admin_user_authority aua         ON au.id=aua.userId INNER JOIN  admin_menus am ON am.id=         aua.menuId WHERE au.username='admin' AND am.parentId=1;
1577586998101|1|statement|connection 10|select * from web_menu where menuType='1' limit ?, ?|select * from web_menu where menuType='1' limit 0, 10
1577586998103|0|statement|connection 10|select count(*) from web_menu where menuType='1'|select count(*) from web_menu where menuType='1'
1577586998103|0|commit|connection 10||
1577587044500|0|statement|connection 10|select count(*) from admin_users where username=? and pwd=?|select count(*) from admin_users where username='admin' and pwd='f9f6dbf2591e8bd59cf101b9aee51f18'
1577587044564|1|statement|connection 10|SELECT am.* FROM admin_users au INNER JOIN admin_user_authority aua         ON au.id=aua.userId INNER JOIN  admin_menus am ON am.id=         aua.menuId WHERE au.username=? AND am.parentId=?;|SELECT am.* FROM admin_users au INNER JOIN admin_user_authority aua         ON au.id=aua.userId INNER JOIN  admin_menus am ON am.id=         aua.menuId WHERE au.username='admin' AND am.parentId=0;
1577587046011|1|statement|connection 10|SELECT am.* FROM admin_users au INNER JOIN admin_user_authority aua         ON au.id=aua.userId INNER JOIN  admin_menus am ON am.id=         aua.menuId WHERE au.username=? AND am.parentId=?;|SELECT am.* FROM admin_users au INNER JOIN admin_user_authority aua         ON au.id=aua.userId INNER JOIN  admin_menus am ON am.id=         aua.menuId WHERE au.username='admin' AND am.parentId=1;
1577587046818|0|statement|connection 10|select * from web_menu where menuType='1' limit ?, ?|select * from web_menu where menuType='1' limit 0, 10
1577587046819|0|statement|connection 10|select count(*) from web_menu where menuType='1'|select count(*) from web_menu where menuType='1'
1577587046820|0|commit|connection 10||
1577589752891|1|statement|connection 20|select count(*) from admin_users where username=? and pwd=?|select count(*) from admin_users where username='admin' and pwd='f9f6dbf2591e8bd59cf101b9aee51f18'
1577589752963|1|statement|connection 20|SELECT am.* FROM admin_users au INNER JOIN admin_user_authority aua         ON au.id=aua.userId INNER JOIN  admin_menus am ON am.id=         aua.menuId WHERE au.username=? AND am.parentId=?;|SELECT am.* FROM admin_users au INNER JOIN admin_user_authority aua         ON au.id=aua.userId INNER JOIN  admin_menus am ON am.id=         aua.menuId WHERE au.username='admin' AND am.parentId=0;
1577589758349|1|statement|connection 20|SELECT am.* FROM admin_users au INNER JOIN admin_user_authority aua         ON au.id=aua.userId INNER JOIN  admin_menus am ON am.id=         aua.menuId WHERE au.username=? AND am.parentId=?;|SELECT am.* FROM admin_users au INNER JOIN admin_user_authority aua         ON au.id=aua.userId INNER JOIN  admin_menus am ON am.id=         aua.menuId WHERE au.username='admin' AND am.parentId=1;
1577589759147|1|statement|connection 20|select * from web_menu where menuType='1' limit ?, ?|select * from web_menu where menuType='1' limit 0, 10
1577589759148|1|statement|connection 20|select count(*) from web_menu where menuType='1'|select count(*) from web_menu where menuType='1'
1577589759148|0|commit|connection 20||
1577589780014|1|statement|connection 20|select count(*) from admin_users where username=? and pwd=?|select count(*) from admin_users where username='admin' and pwd='f9f6dbf2591e8bd59cf101b9aee51f18'
1577589780082|1|statement|connection 20|SELECT am.* FROM admin_users au INNER JOIN admin_user_authority aua         ON au.id=aua.userId INNER JOIN  admin_menus am ON am.id=         aua.menuId WHERE au.username=? AND am.parentId=?;|SELECT am.* FROM admin_users au INNER JOIN admin_user_authority aua         ON au.id=aua.userId INNER JOIN  admin_menus am ON am.id=         aua.menuId WHERE au.username='admin' AND am.parentId=0;
1577589781503|1|statement|connection 20|SELECT am.* FROM admin_users au INNER JOIN admin_user_authority aua         ON au.id=aua.userId INNER JOIN  admin_menus am ON am.id=         aua.menuId WHERE au.username=? AND am.parentId=?;|SELECT am.* FROM admin_users au INNER JOIN admin_user_authority aua         ON au.id=aua.userId INNER JOIN  admin_menus am ON am.id=         aua.menuId WHERE au.username='admin' AND am.parentId=1;
1577589782180|0|statement|connection 20|select * from web_menu where menuType='1' limit ?, ?|select * from web_menu where menuType='1' limit 0, 10
1577589782181|0|statement|connection 20|select count(*) from web_menu where menuType='1'|select count(*) from web_menu where menuType='1'
1577589782181|0|commit|connection 20||
1577589845148|0|statement|connection 20|select count(*) from admin_users where username=? and pwd=?|select count(*) from admin_users where username='admin' and pwd='f9f6dbf2591e8bd59cf101b9aee51f18'
1577589845216|0|statement|connection 20|SELECT am.* FROM admin_users au INNER JOIN admin_user_authority aua         ON au.id=aua.userId INNER JOIN  admin_menus am ON am.id=         aua.menuId WHERE au.username=? AND am.parentId=?;|SELECT am.* FROM admin_users au INNER JOIN admin_user_authority aua         ON au.id=aua.userId INNER JOIN  admin_menus am ON am.id=         aua.menuId WHERE au.username='admin' AND am.parentId=0;
1577589846355|0|statement|connection 20|SELECT am.* FROM admin_users au INNER JOIN admin_user_authority aua         ON au.id=aua.userId INNER JOIN  admin_menus am ON am.id=         aua.menuId WHERE au.username=? AND am.parentId=?;|SELECT am.* FROM admin_users au INNER JOIN admin_user_authority aua         ON au.id=aua.userId INNER JOIN  admin_menus am ON am.id=         aua.menuId WHERE au.username='admin' AND am.parentId=1;
1577589846944|0|statement|connection 20|select * from web_menu where menuType='1' limit ?, ?|select * from web_menu where menuType='1' limit 0, 10
1577589846945|0|statement|connection 20|select count(*) from web_menu where menuType='1'|select count(*) from web_menu where menuType='1'
1577589846945|0|commit|connection 20||
1577589933385|0|statement|connection 20|select count(*) from admin_users where username=? and pwd=?|select count(*) from admin_users where username='admin' and pwd='f9f6dbf2591e8bd59cf101b9aee51f18'
1577589933444|0|statement|connection 20|SELECT am.* FROM admin_users au INNER JOIN admin_user_authority aua         ON au.id=aua.userId INNER JOIN  admin_menus am ON am.id=         aua.menuId WHERE au.username=? AND am.parentId=?;|SELECT am.* FROM admin_users au INNER JOIN admin_user_authority aua         ON au.id=aua.userId INNER JOIN  admin_menus am ON am.id=         aua.menuId WHERE au.username='admin' AND am.parentId=0;
1577589934751|0|statement|connection 20|SELECT am.* FROM admin_users au INNER JOIN admin_user_authority aua         ON au.id=aua.userId INNER JOIN  admin_menus am ON am.id=         aua.menuId WHERE au.username=? AND am.parentId=?;|SELECT am.* FROM admin_users au INNER JOIN admin_user_authority aua         ON au.id=aua.userId INNER JOIN  admin_menus am ON am.id=         aua.menuId WHERE au.username='admin' AND am.parentId=1;
1577589935378|0|statement|connection 20|select * from web_menu where menuType='1' limit ?, ?|select * from web_menu where menuType='1' limit 0, 10
1577589935379|0|statement|connection 20|select count(*) from web_menu where menuType='1'|select count(*) from web_menu where menuType='1'
1577589935380|0|commit|connection 20||
1577590479291|0|statement|connection 30|select count(*) from admin_users where username=? and pwd=?|select count(*) from admin_users where username='admin' and pwd='f9f6dbf2591e8bd59cf101b9aee51f18'
1577590479349|1|statement|connection 30|SELECT am.* FROM admin_users au INNER JOIN admin_user_authority aua         ON au.id=aua.userId INNER JOIN  admin_menus am ON am.id=         aua.menuId WHERE au.username=? AND am.parentId=?;|SELECT am.* FROM admin_users au INNER JOIN admin_user_authority aua         ON au.id=aua.userId INNER JOIN  admin_menus am ON am.id=         aua.menuId WHERE au.username='admin' AND am.parentId=0;
1577590481279|0|statement|connection 30|SELECT am.* FROM admin_users au INNER JOIN admin_user_authority aua         ON au.id=aua.userId INNER JOIN  admin_menus am ON am.id=         aua.menuId WHERE au.username=? AND am.parentId=?;|SELECT am.* FROM admin_users au INNER JOIN admin_user_authority aua         ON au.id=aua.userId INNER JOIN  admin_menus am ON am.id=         aua.menuId WHERE au.username='admin' AND am.parentId=1;
1577590482124|1|statement|connection 30|select * from web_menu where menuType='1' limit ?, ?|select * from web_menu where menuType='1' limit 0, 10
1577590482125|0|statement|connection 30|select count(*) from web_menu where menuType='1'|select count(*) from web_menu where menuType='1'
1577590482125|0|commit|connection 30||
1577590851871|1|statement|connection 30|select count(*) from admin_users where username=? and pwd=?|select count(*) from admin_users where username='admin' and pwd='f9f6dbf2591e8bd59cf101b9aee51f18'
1577590851931|1|statement|connection 30|SELECT am.* FROM admin_users au INNER JOIN admin_user_authority aua         ON au.id=aua.userId INNER JOIN  admin_menus am ON am.id=         aua.menuId WHERE au.username=? AND am.parentId=?;|SELECT am.* FROM admin_users au INNER JOIN admin_user_authority aua         ON au.id=aua.userId INNER JOIN  admin_menus am ON am.id=         aua.menuId WHERE au.username='admin' AND am.parentId=0;
1577590853668|1|statement|connection 30|SELECT am.* FROM admin_users au INNER JOIN admin_user_authority aua         ON au.id=aua.userId INNER JOIN  admin_menus am ON am.id=         aua.menuId WHERE au.username=? AND am.parentId=?;|SELECT am.* FROM admin_users au INNER JOIN admin_user_authority aua         ON au.id=aua.userId INNER JOIN  admin_menus am ON am.id=         aua.menuId WHERE au.username='admin' AND am.parentId=1;
1577590854459|0|statement|connection 30|select * from web_menu where menuType='1' limit ?, ?|select * from web_menu where menuType='1' limit 0, 10
1577590854460|0|statement|connection 30|select count(*) from web_menu where menuType='1'|select count(*) from web_menu where menuType='1'
1577590854460|0|commit|connection 30||
1577590948938|0|statement|connection 30|select count(*) from admin_users where username=? and pwd=?|select count(*) from admin_users where username='admin' and pwd='f9f6dbf2591e8bd59cf101b9aee51f18'
1577590948994|0|statement|connection 30|SELECT am.* FROM admin_users au INNER JOIN admin_user_authority aua         ON au.id=aua.userId INNER JOIN  admin_menus am ON am.id=         aua.menuId WHERE au.username=? AND am.parentId=?;|SELECT am.* FROM admin_users au INNER JOIN admin_user_authority aua         ON au.id=aua.userId INNER JOIN  admin_menus am ON am.id=         aua.menuId WHERE au.username='admin' AND am.parentId=0;
1577590949977|1|statement|connection 30|SELECT am.* FROM admin_users au INNER JOIN admin_user_authority aua         ON au.id=aua.userId INNER JOIN  admin_menus am ON am.id=         aua.menuId WHERE au.username=? AND am.parentId=?;|SELECT am.* FROM admin_users au INNER JOIN admin_user_authority aua         ON au.id=aua.userId INNER JOIN  admin_menus am ON am.id=         aua.menuId WHERE au.username='admin' AND am.parentId=1;
1577590950593|0|statement|connection 30|select * from web_menu where menuType='1' limit ?, ?|select * from web_menu where menuType='1' limit 0, 10
1577590950594|0|statement|connection 30|select count(*) from web_menu where menuType='1'|select count(*) from web_menu where menuType='1'
1577590950595|0|commit|connection 30||
1577591039796|1|statement|connection 30|select count(*) from admin_users where username=? and pwd=?|select count(*) from admin_users where username='admin' and pwd='f9f6dbf2591e8bd59cf101b9aee51f18'
1577591039854|0|statement|connection 30|SELECT am.* FROM admin_users au INNER JOIN admin_user_authority aua         ON au.id=aua.userId INNER JOIN  admin_menus am ON am.id=         aua.menuId WHERE au.username=? AND am.parentId=?;|SELECT am.* FROM admin_users au INNER JOIN admin_user_authority aua         ON au.id=aua.userId INNER JOIN  admin_menus am ON am.id=         aua.menuId WHERE au.username='admin' AND am.parentId=0;
1577591045868|1|statement|connection 30|SELECT am.* FROM admin_users au INNER JOIN admin_user_authority aua         ON au.id=aua.userId INNER JOIN  admin_menus am ON am.id=         aua.menuId WHERE au.username=? AND am.parentId=?;|SELECT am.* FROM admin_users au INNER JOIN admin_user_authority aua         ON au.id=aua.userId INNER JOIN  admin_menus am ON am.id=         aua.menuId WHERE au.username='admin' AND am.parentId=1;
1577591046546|1|statement|connection 30|select * from web_menu where menuType='1' limit ?, ?|select * from web_menu where menuType='1' limit 0, 10
1577591046547|1|statement|connection 30|select count(*) from web_menu where menuType='1'|select count(*) from web_menu where menuType='1'
1577591046547|0|commit|connection 30||
1577591290857|1|statement|connection 30|select count(*) from admin_users where username=? and pwd=?|select count(*) from admin_users where username='admin' and pwd='f9f6dbf2591e8bd59cf101b9aee51f18'
1577591290934|0|statement|connection 30|SELECT am.* FROM admin_users au INNER JOIN admin_user_authority aua         ON au.id=aua.userId INNER JOIN  admin_menus am ON am.id=         aua.menuId WHERE au.username=? AND am.parentId=?;|SELECT am.* FROM admin_users au INNER JOIN admin_user_authority aua         ON au.id=aua.userId INNER JOIN  admin_menus am ON am.id=         aua.menuId WHERE au.username='admin' AND am.parentId=0;
1577591293019|0|statement|connection 30|SELECT am.* FROM admin_users au INNER JOIN admin_user_authority aua         ON au.id=aua.userId INNER JOIN  admin_menus am ON am.id=         aua.menuId WHERE au.username=? AND am.parentId=?;|SELECT am.* FROM admin_users au INNER JOIN admin_user_authority aua         ON au.id=aua.userId INNER JOIN  admin_menus am ON am.id=         aua.menuId WHERE au.username='admin' AND am.parentId=1;
1577591294277|1|statement|connection 30|select * from web_menu where menuType='1' limit ?, ?|select * from web_menu where menuType='1' limit 0, 10
1577591294278|0|statement|connection 30|select count(*) from web_menu where menuType='1'|select count(*) from web_menu where menuType='1'
1577591294278|0|commit|connection 30||
1577591516718|1|statement|connection 30|select count(*) from admin_users where username=? and pwd=?|select count(*) from admin_users where username='admin' and pwd='f9f6dbf2591e8bd59cf101b9aee51f18'
1577591516792|0|statement|connection 30|SELECT am.* FROM admin_users au INNER JOIN admin_user_authority aua         ON au.id=aua.userId INNER JOIN  admin_menus am ON am.id=         aua.menuId WHERE au.username=? AND am.parentId=?;|SELECT am.* FROM admin_users au INNER JOIN admin_user_authority aua         ON au.id=aua.userId INNER JOIN  admin_menus am ON am.id=         aua.menuId WHERE au.username='admin' AND am.parentId=0;
1577591518539|0|statement|connection 30|SELECT am.* FROM admin_users au INNER JOIN admin_user_authority aua         ON au.id=aua.userId INNER JOIN  admin_menus am ON am.id=         aua.menuId WHERE au.username=? AND am.parentId=?;|SELECT am.* FROM admin_users au INNER JOIN admin_user_authority aua         ON au.id=aua.userId INNER JOIN  admin_menus am ON am.id=         aua.menuId WHERE au.username='admin' AND am.parentId=1;
1577591519288|0|statement|connection 30|select * from web_menu where menuType='1' limit ?, ?|select * from web_menu where menuType='1' limit 0, 10
1577591519289|0|statement|connection 30|select count(*) from web_menu where menuType='1'|select count(*) from web_menu where menuType='1'
1577591519289|0|commit|connection 30||
1577591584948|1|statement|connection 30|select count(*) from admin_users where username=? and pwd=?|select count(*) from admin_users where username='admin' and pwd='f9f6dbf2591e8bd59cf101b9aee51f18'
1577591585022|1|statement|connection 30|SELECT am.* FROM admin_users au INNER JOIN admin_user_authority aua         ON au.id=aua.userId INNER JOIN  admin_menus am ON am.id=         aua.menuId WHERE au.username=? AND am.parentId=?;|SELECT am.* FROM admin_users au INNER JOIN admin_user_authority aua         ON au.id=aua.userId INNER JOIN  admin_menus am ON am.id=         aua.menuId WHERE au.username='admin' AND am.parentId=0;
1577591586284|1|statement|connection 30|select count(*) from admin_users where username=? and pwd=?|select count(*) from admin_users where username='admin' and pwd='f9f6dbf2591e8bd59cf101b9aee51f18'
1577591586348|1|statement|connection 30|SELECT am.* FROM admin_users au INNER JOIN admin_user_authority aua         ON au.id=aua.userId INNER JOIN  admin_menus am ON am.id=         aua.menuId WHERE au.username=? AND am.parentId=?;|SELECT am.* FROM admin_users au INNER JOIN admin_user_authority aua         ON au.id=aua.userId INNER JOIN  admin_menus am ON am.id=         aua.menuId WHERE au.username='admin' AND am.parentId=0;
1577591587468|0|statement|connection 30|SELECT am.* FROM admin_users au INNER JOIN admin_user_authority aua         ON au.id=aua.userId INNER JOIN  admin_menus am ON am.id=         aua.menuId WHERE au.username=? AND am.parentId=?;|SELECT am.* FROM admin_users au INNER JOIN admin_user_authority aua         ON au.id=aua.userId INNER JOIN  admin_menus am ON am.id=         aua.menuId WHERE au.username='admin' AND am.parentId=1;
1577591588104|0|statement|connection 30|select * from web_menu where menuType='1' limit ?, ?|select * from web_menu where menuType='1' limit 0, 10
1577591588105|0|statement|connection 30|select count(*) from web_menu where menuType='1'|select count(*) from web_menu where menuType='1'
1577591588106|0|commit|connection 30||
1577591740298|1|statement|connection 30|select count(*) from admin_users where username=? and pwd=?|select count(*) from admin_users where username='admin' and pwd='f9f6dbf2591e8bd59cf101b9aee51f18'
1577591740375|0|statement|connection 30|SELECT am.* FROM admin_users au INNER JOIN admin_user_authority aua         ON au.id=aua.userId INNER JOIN  admin_menus am ON am.id=         aua.menuId WHERE au.username=? AND am.parentId=?;|SELECT am.* FROM admin_users au INNER JOIN admin_user_authority aua         ON au.id=aua.userId INNER JOIN  admin_menus am ON am.id=         aua.menuId WHERE au.username='admin' AND am.parentId=0;
1577591741507|0|statement|connection 30|select count(*) from admin_users where username=? and pwd=?|select count(*) from admin_users where username='admin' and pwd='f9f6dbf2591e8bd59cf101b9aee51f18'
1577591741571|0|statement|connection 30|SELECT am.* FROM admin_users au INNER JOIN admin_user_authority aua         ON au.id=aua.userId INNER JOIN  admin_menus am ON am.id=         aua.menuId WHERE au.username=? AND am.parentId=?;|SELECT am.* FROM admin_users au INNER JOIN admin_user_authority aua         ON au.id=aua.userId INNER JOIN  admin_menus am ON am.id=         aua.menuId WHERE au.username='admin' AND am.parentId=0;
1577591741663|1|statement|connection 30|select count(*) from admin_users where username=? and pwd=?|select count(*) from admin_users where username='admin' and pwd='f9f6dbf2591e8bd59cf101b9aee51f18'
1577591741724|0|statement|connection 30|SELECT am.* FROM admin_users au INNER JOIN admin_user_authority aua         ON au.id=aua.userId INNER JOIN  admin_menus am ON am.id=         aua.menuId WHERE au.username=? AND am.parentId=?;|SELECT am.* FROM admin_users au INNER JOIN admin_user_authority aua         ON au.id=aua.userId INNER JOIN  admin_menus am ON am.id=         aua.menuId WHERE au.username='admin' AND am.parentId=0;
1577591741823|1|statement|connection 30|select count(*) from admin_users where username=? and pwd=?|select count(*) from admin_users where username='admin' and pwd='f9f6dbf2591e8bd59cf101b9aee51f18'
1577591741876|0|statement|connection 30|SELECT am.* FROM admin_users au INNER JOIN admin_user_authority aua         ON au.id=aua.userId INNER JOIN  admin_menus am ON am.id=         aua.menuId WHERE au.username=? AND am.parentId=?;|SELECT am.* FROM admin_users au INNER JOIN admin_user_authority aua         ON au.id=aua.userId INNER JOIN  admin_menus am ON am.id=         aua.menuId WHERE au.username='admin' AND am.parentId=0;
1577591741981|0|statement|connection 30|select count(*) from admin_users where username=? and pwd=?|select count(*) from admin_users where username='admin' and pwd='f9f6dbf2591e8bd59cf101b9aee51f18'
1577591742035|1|statement|connection 30|SELECT am.* FROM admin_users au INNER JOIN admin_user_authority aua         ON au.id=aua.userId INNER JOIN  admin_menus am ON am.id=         aua.menuId WHERE au.username=? AND am.parentId=?;|SELECT am.* FROM admin_users au INNER JOIN admin_user_authority aua         ON au.id=aua.userId INNER JOIN  admin_menus am ON am.id=         aua.menuId WHERE au.username='admin' AND am.parentId=0;
1577591742781|1|statement|connection 30|SELECT am.* FROM admin_users au INNER JOIN admin_user_authority aua         ON au.id=aua.userId INNER JOIN  admin_menus am ON am.id=         aua.menuId WHERE au.username=? AND am.parentId=?;|SELECT am.* FROM admin_users au INNER JOIN admin_user_authority aua         ON au.id=aua.userId INNER JOIN  admin_menus am ON am.id=         aua.menuId WHERE au.username='admin' AND am.parentId=1;
1577591743425|0|statement|connection 30|select * from web_menu where menuType='1' limit ?, ?|select * from web_menu where menuType='1' limit 0, 10
1577591743426|0|statement|connection 30|select count(*) from web_menu where menuType='1'|select count(*) from web_menu where menuType='1'
1577591743426|0|commit|connection 30||
1577591803468|1|statement|connection 36|select count(*) from admin_users where username=? and pwd=?|select count(*) from admin_users where username='admin' and pwd='f9f6dbf2591e8bd59cf101b9aee51f18'
1577591803543|0|statement|connection 36|SELECT am.* FROM admin_users au INNER JOIN admin_user_authority aua         ON au.id=aua.userId INNER JOIN  admin_menus am ON am.id=         aua.menuId WHERE au.username=? AND am.parentId=?;|SELECT am.* FROM admin_users au INNER JOIN admin_user_authority aua         ON au.id=aua.userId INNER JOIN  admin_menus am ON am.id=         aua.menuId WHERE au.username='admin' AND am.parentId=0;
1577591805217|0|statement|connection 36|SELECT am.* FROM admin_users au INNER JOIN admin_user_authority aua         ON au.id=aua.userId INNER JOIN  admin_menus am ON am.id=         aua.menuId WHERE au.username=? AND am.parentId=?;|SELECT am.* FROM admin_users au INNER JOIN admin_user_authority aua         ON au.id=aua.userId INNER JOIN  admin_menus am ON am.id=         aua.menuId WHERE au.username='admin' AND am.parentId=1;
1577591805876|0|statement|connection 36|select * from web_menu where menuType='1' limit ?, ?|select * from web_menu where menuType='1' limit 0, 10
1577591805877|0|statement|connection 36|select count(*) from web_menu where menuType='1'|select count(*) from web_menu where menuType='1'
1577591805877|0|commit|connection 36||
1577591874163|1|statement|connection 40|select count(*) from admin_users where username=? and pwd=?|select count(*) from admin_users where username='admin' and pwd='f9f6dbf2591e8bd59cf101b9aee51f18'
1577591874235|1|statement|connection 40|SELECT am.* FROM admin_users au INNER JOIN admin_user_authority aua         ON au.id=aua.userId INNER JOIN  admin_menus am ON am.id=         aua.menuId WHERE au.username=? AND am.parentId=?;|SELECT am.* FROM admin_users au INNER JOIN admin_user_authority aua         ON au.id=aua.userId INNER JOIN  admin_menus am ON am.id=         aua.menuId WHERE au.username='admin' AND am.parentId=0;
1577591875403|0|statement|connection 40|SELECT am.* FROM admin_users au INNER JOIN admin_user_authority aua         ON au.id=aua.userId INNER JOIN  admin_menus am ON am.id=         aua.menuId WHERE au.username=? AND am.parentId=?;|SELECT am.* FROM admin_users au INNER JOIN admin_user_authority aua         ON au.id=aua.userId INNER JOIN  admin_menus am ON am.id=         aua.menuId WHERE au.username='admin' AND am.parentId=1;
1577591876099|0|statement|connection 40|select * from web_menu where menuType='1' limit ?, ?|select * from web_menu where menuType='1' limit 0, 10
1577591876100|0|statement|connection 40|select count(*) from web_menu where menuType='1'|select count(*) from web_menu where menuType='1'
1577591876101|1|commit|connection 40||
1577592789151|18|statement|connection 0|/* ping */ SELECT 1|
1577592798287|1|statement|connection 0|select count(*) from admin_users where username=? and pwd=?|select count(*) from admin_users where username='admin' and pwd='f9f6dbf2591e8bd59cf101b9aee51f18'
1577592798809|0|statement|connection 0|SELECT am.* FROM admin_users au INNER JOIN admin_user_authority aua         ON au.id=aua.userId INNER JOIN  admin_menus am ON am.id=         aua.menuId WHERE au.username=? AND am.parentId=?;|SELECT am.* FROM admin_users au INNER JOIN admin_user_authority aua         ON au.id=aua.userId INNER JOIN  admin_menus am ON am.id=         aua.menuId WHERE au.username='admin' AND am.parentId=0;
1577592800738|1|statement|connection 0|SELECT am.* FROM admin_users au INNER JOIN admin_user_authority aua         ON au.id=aua.userId INNER JOIN  admin_menus am ON am.id=         aua.menuId WHERE au.username=? AND am.parentId=?;|SELECT am.* FROM admin_users au INNER JOIN admin_user_authority aua         ON au.id=aua.userId INNER JOIN  admin_menus am ON am.id=         aua.menuId WHERE au.username='admin' AND am.parentId=1;
1577592801596|1|statement|connection 0|select * from web_menu where menuType='1' limit ?, ?|select * from web_menu where menuType='1' limit 0, 10
1577592801598|0|statement|connection 0|select count(*) from web_menu where menuType='1'|select count(*) from web_menu where menuType='1'
1577592801599|0|commit|connection 0||
1577592820120|1|statement|connection 0|SELECT am.* FROM admin_users au INNER JOIN admin_user_authority aua         ON au.id=aua.userId INNER JOIN  admin_menus am ON am.id=         aua.menuId WHERE au.username=? AND am.parentId=?;|SELECT am.* FROM admin_users au INNER JOIN admin_user_authority aua         ON au.id=aua.userId INNER JOIN  admin_menus am ON am.id=         aua.menuId WHERE au.username='admin' AND am.parentId=0;
1577592826114|1|statement|connection 0|SELECT am.* FROM admin_users au INNER JOIN admin_user_authority aua         ON au.id=aua.userId INNER JOIN  admin_menus am ON am.id=         aua.menuId WHERE au.username=? AND am.parentId=?;|SELECT am.* FROM admin_users au INNER JOIN admin_user_authority aua         ON au.id=aua.userId INNER JOIN  admin_menus am ON am.id=         aua.menuId WHERE au.username='admin' AND am.parentId=1;
1577592826810|1|statement|connection 0|select * from web_menu where menuType='1' limit ?, ?|select * from web_menu where menuType='1' limit 0, 10
1577592826811|0|statement|connection 0|select count(*) from web_menu where menuType='1'|select count(*) from web_menu where menuType='1'
1577592826812|0|commit|connection 0||
1577592895428|0|statement|connection 0|SELECT am.* FROM admin_users au INNER JOIN admin_user_authority aua         ON au.id=aua.userId INNER JOIN  admin_menus am ON am.id=         aua.menuId WHERE au.username=? AND am.parentId=?;|SELECT am.* FROM admin_users au INNER JOIN admin_user_authority aua         ON au.id=aua.userId INNER JOIN  admin_menus am ON am.id=         aua.menuId WHERE au.username='admin' AND am.parentId=0;
1577592897912|0|statement|connection 0|SELECT am.* FROM admin_users au INNER JOIN admin_user_authority aua         ON au.id=aua.userId INNER JOIN  admin_menus am ON am.id=         aua.menuId WHERE au.username=? AND am.parentId=?;|SELECT am.* FROM admin_users au INNER JOIN admin_user_authority aua         ON au.id=aua.userId INNER JOIN  admin_menus am ON am.id=         aua.menuId WHERE au.username='admin' AND am.parentId=1;
1577592898844|1|statement|connection 0|select * from web_menu where menuType='1' limit ?, ?|select * from web_menu where menuType='1' limit 0, 10
1577592898846|1|statement|connection 0|select count(*) from web_menu where menuType='1'|select count(*) from web_menu where menuType='1'
1577592898846|0|commit|connection 0||
1577592913100|147|statement|connection 0|update web_menu set title=?, url=?, updateTime=now() where id=?|update web_menu set title='家具', url='http://www.163.com', updateTime=now() where id=4
1577592913146|1|statement|connection 0|select * from web_menu where menuType='1' limit ?, ?|select * from web_menu where menuType='1' limit 0, 10
1577592913153|1|statement|connection 0|select count(*) from web_menu where menuType='1'|select count(*) from web_menu where menuType='1'
1577592913154|0|commit|connection 0||
1577592989325|0|statement|connection 0|SELECT am.* FROM admin_users au INNER JOIN admin_user_authority aua         ON au.id=aua.userId INNER JOIN  admin_menus am ON am.id=         aua.menuId WHERE au.username=? AND am.parentId=?;|SELECT am.* FROM admin_users au INNER JOIN admin_user_authority aua         ON au.id=aua.userId INNER JOIN  admin_menus am ON am.id=         aua.menuId WHERE au.username='admin' AND am.parentId=0;
1577592990836|1|statement|connection 0|SELECT am.* FROM admin_users au INNER JOIN admin_user_authority aua         ON au.id=aua.userId INNER JOIN  admin_menus am ON am.id=         aua.menuId WHERE au.username=? AND am.parentId=?;|SELECT am.* FROM admin_users au INNER JOIN admin_user_authority aua         ON au.id=aua.userId INNER JOIN  admin_menus am ON am.id=         aua.menuId WHERE au.username='admin' AND am.parentId=1;
1577592991563|1|statement|connection 0|select * from web_menu where menuType='1' limit ?, ?|select * from web_menu where menuType='1' limit 0, 10
1577592991564|0|statement|connection 0|select count(*) from web_menu where menuType='1'|select count(*) from web_menu where menuType='1'
1577592991565|1|commit|connection 0||
1577593001128|94|statement|connection 0|update web_menu set title=?, url=?, updateTime=now() where id=?|update web_menu set title='家具', url='http://www.jiaju.com', updateTime=now() where id=4
1577593001177|0|statement|connection 0|select * from web_menu where menuType='1' limit ?, ?|select * from web_menu where menuType='1' limit 0, 10
1577593001178|0|statement|connection 0|select count(*) from web_menu where menuType='1'|select count(*) from web_menu where menuType='1'
1577593001178|0|commit|connection 0||
1577673131458|16|statement|connection 0|/* ping */ SELECT 1|
1577673163513|0|statement|connection 0|select count(*) from admin_users where username=? and pwd=?|select count(*) from admin_users where username='admin' and pwd='f9f6dbf2591e8bd59cf101b9aee51f18'
1577673163578|0|statement|connection 0|SELECT am.* FROM admin_users au INNER JOIN admin_user_authority aua         ON au.id=aua.userId INNER JOIN  admin_menus am ON am.id=         aua.menuId WHERE au.username=? AND am.parentId=?;|SELECT am.* FROM admin_users au INNER JOIN admin_user_authority aua         ON au.id=aua.userId INNER JOIN  admin_menus am ON am.id=         aua.menuId WHERE au.username='admin' AND am.parentId=0;
1577673166115|1|statement|connection 0|SELECT am.* FROM admin_users au INNER JOIN admin_user_authority aua         ON au.id=aua.userId INNER JOIN  admin_menus am ON am.id=         aua.menuId WHERE au.username=? AND am.parentId=?;|SELECT am.* FROM admin_users au INNER JOIN admin_user_authority aua         ON au.id=aua.userId INNER JOIN  admin_menus am ON am.id=         aua.menuId WHERE au.username='admin' AND am.parentId=1;
1577673167110|1|statement|connection 0|select * from web_menu where menuType='1' limit ?, ?|select * from web_menu where menuType='1' limit 0, 10
1577673167113|1|statement|connection 0|select count(*) from web_menu where menuType='1'|select count(*) from web_menu where menuType='1'
1577673167114|0|commit|connection 0||
1577673174834|26|statement|connection 0|delete from web_menu where id in 9|delete from web_menu where id in 9
1577673239501|19|statement|connection 0|/* ping */ SELECT 1|
1577673246475|0|statement|connection 0|select count(*) from admin_users where username=? and pwd=?|select count(*) from admin_users where username='admin' and pwd='f9f6dbf2591e8bd59cf101b9aee51f18'
1577673246961|1|statement|connection 0|SELECT am.* FROM admin_users au INNER JOIN admin_user_authority aua         ON au.id=aua.userId INNER JOIN  admin_menus am ON am.id=         aua.menuId WHERE au.username=? AND am.parentId=?;|SELECT am.* FROM admin_users au INNER JOIN admin_user_authority aua         ON au.id=aua.userId INNER JOIN  admin_menus am ON am.id=         aua.menuId WHERE au.username='admin' AND am.parentId=0;
1577673248451|0|statement|connection 0|SELECT am.* FROM admin_users au INNER JOIN admin_user_authority aua         ON au.id=aua.userId INNER JOIN  admin_menus am ON am.id=         aua.menuId WHERE au.username=? AND am.parentId=?;|SELECT am.* FROM admin_users au INNER JOIN admin_user_authority aua         ON au.id=aua.userId INNER JOIN  admin_menus am ON am.id=         aua.menuId WHERE au.username='admin' AND am.parentId=1;
1577673249665|1|statement|connection 0|select * from web_menu where menuType='1' limit ?, ?|select * from web_menu where menuType='1' limit 0, 10
1577673249668|1|statement|connection 0|select count(*) from web_menu where menuType='1'|select count(*) from web_menu where menuType='1'
1577673249669|0|commit|connection 0||
1577673254173|8|statement|connection 0|delete from web_menu where id in {9}|delete from web_menu where id in {9}
1577673331124|17|statement|connection 0|/* ping */ SELECT 1|
1577673341170|1|statement|connection 0|select count(*) from admin_users where username=? and pwd=?|select count(*) from admin_users where username='admin' and pwd='f9f6dbf2591e8bd59cf101b9aee51f18'
1577673341629|0|statement|connection 0|SELECT am.* FROM admin_users au INNER JOIN admin_user_authority aua         ON au.id=aua.userId INNER JOIN  admin_menus am ON am.id=         aua.menuId WHERE au.username=? AND am.parentId=?;|SELECT am.* FROM admin_users au INNER JOIN admin_user_authority aua         ON au.id=aua.userId INNER JOIN  admin_menus am ON am.id=         aua.menuId WHERE au.username='admin' AND am.parentId=0;
1577673343028|1|statement|connection 0|SELECT am.* FROM admin_users au INNER JOIN admin_user_authority aua         ON au.id=aua.userId INNER JOIN  admin_menus am ON am.id=         aua.menuId WHERE au.username=? AND am.parentId=?;|SELECT am.* FROM admin_users au INNER JOIN admin_user_authority aua         ON au.id=aua.userId INNER JOIN  admin_menus am ON am.id=         aua.menuId WHERE au.username='admin' AND am.parentId=1;
1577673343727|1|statement|connection 0|select * from web_menu where menuType='1' limit ?, ?|select * from web_menu where menuType='1' limit 0, 10
1577673343730|1|statement|connection 0|select count(*) from web_menu where menuType='1'|select count(*) from web_menu where menuType='1'
1577673343731|0|commit|connection 0||
1577673347084|204|statement|connection 0|delete from web_menu where id in (9)|delete from web_menu where id in (9)
1577673347258|1|statement|connection 0|select * from web_menu where menuType='1' limit ?, ?|select * from web_menu where menuType='1' limit 0, 10
1577673347265|1|statement|connection 0|select count(*) from web_menu where menuType='1'|select count(*) from web_menu where menuType='1'
1577673347267|1|commit|connection 0||
1577673364391|57|statement|connection 0|delete from web_menu where id in (10,11)|delete from web_menu where id in (10,11)
1577673364424|1|statement|connection 0|select * from web_menu where menuType='1' limit ?, ?|select * from web_menu where menuType='1' limit 0, 10
1577673364428|0|statement|connection 0|select count(*) from web_menu where menuType='1'|select count(*) from web_menu where menuType='1'
1577673364429|0|commit|connection 0||
1577673760853|19|statement|connection 0|/* ping */ SELECT 1|
1577673776644|1|statement|connection 0|select count(*) from admin_users where username=? and pwd=?|select count(*) from admin_users where username='admin' and pwd='f9f6dbf2591e8bd59cf101b9aee51f18'
1577673777130|1|statement|connection 0|SELECT am.* FROM admin_users au INNER JOIN admin_user_authority aua         ON au.id=aua.userId INNER JOIN  admin_menus am ON am.id=         aua.menuId WHERE au.username=? AND am.parentId=?;|SELECT am.* FROM admin_users au INNER JOIN admin_user_authority aua         ON au.id=aua.userId INNER JOIN  admin_menus am ON am.id=         aua.menuId WHERE au.username='admin' AND am.parentId=0;
1577673804398|0|statement|connection 0|SELECT am.* FROM admin_users au INNER JOIN admin_user_authority aua         ON au.id=aua.userId INNER JOIN  admin_menus am ON am.id=         aua.menuId WHERE au.username=? AND am.parentId=?;|SELECT am.* FROM admin_users au INNER JOIN admin_user_authority aua         ON au.id=aua.userId INNER JOIN  admin_menus am ON am.id=         aua.menuId WHERE au.username='admin' AND am.parentId=1;
1577673805373|1|statement|connection 0|select * from web_menu where menuType='1' limit ?, ?|select * from web_menu where menuType='1' limit 0, 10
1577673805377|1|statement|connection 0|select count(*) from web_menu where menuType='1'|select count(*) from web_menu where menuType='1'
1577673805378|1|commit|connection 0||
1577673857199|144|statement|connection 0|update web_menu set title=?, url=?, updateTime=now() where id=?|update web_menu set title='女装', url='http://www.nvzhuang.com', updateTime=now() where id=5
1577673857256|12|statement|connection 0|select * from web_menu where menuType='1' limit ?, ?|select * from web_menu where menuType='1' limit 0, 10
1577673857260|0|statement|connection 0|select count(*) from web_menu where menuType='1'|select count(*) from web_menu where menuType='1'
1577673857261|0|commit|connection 0||
1577674028305|19|statement|connection 0|/* ping */ SELECT 1|
1577674039452|1|statement|connection 0|select count(*) from admin_users where username=? and pwd=?|select count(*) from admin_users where username='admin' and pwd='f9f6dbf2591e8bd59cf101b9aee51f18'
1577674039907|1|statement|connection 0|SELECT am.* FROM admin_users au INNER JOIN admin_user_authority aua         ON au.id=aua.userId INNER JOIN  admin_menus am ON am.id=         aua.menuId WHERE au.username=? AND am.parentId=?;|SELECT am.* FROM admin_users au INNER JOIN admin_user_authority aua         ON au.id=aua.userId INNER JOIN  admin_menus am ON am.id=         aua.menuId WHERE au.username='admin' AND am.parentId=0;
1577674050842|1|statement|connection 0|SELECT am.* FROM admin_users au INNER JOIN admin_user_authority aua         ON au.id=aua.userId INNER JOIN  admin_menus am ON am.id=         aua.menuId WHERE au.username=? AND am.parentId=?;|SELECT am.* FROM admin_users au INNER JOIN admin_user_authority aua         ON au.id=aua.userId INNER JOIN  admin_menus am ON am.id=         aua.menuId WHERE au.username='admin' AND am.parentId=1;
1577674052036|1|statement|connection 0|select * from web_menu where menuType='1' limit ?, ?|select * from web_menu where menuType='1' limit 0, 10
1577674052040|1|statement|connection 0|select count(*) from web_menu where menuType='1'|select count(*) from web_menu where menuType='1'
1577674052041|0|commit|connection 0||
1577674108089|66|statement|connection 0|insert into web_menu values(null,?,?,1,now())|insert into web_menu values(null,'测试','http://www.ceshi.com',1,now())
1577674108124|1|statement|connection 0|select * from web_menu where menuType='1' limit ?, ?|select * from web_menu where menuType='1' limit 0, 10
1577674108128|0|statement|connection 0|select count(*) from web_menu where menuType='1'|select count(*) from web_menu where menuType='1'
1577674108129|0|commit|connection 0||
1577696447680|1|statement|connection 120|select count(*) from admin_users where username=? and pwd=?|select count(*) from admin_users where username='admin' and pwd='f9f6dbf2591e8bd59cf101b9aee51f18'
1577696447750|1|statement|connection 120|SELECT am.* FROM admin_users au INNER JOIN admin_user_authority aua         ON au.id=aua.userId INNER JOIN  admin_menus am ON am.id=         aua.menuId WHERE au.username=? AND am.parentId=?;|SELECT am.* FROM admin_users au INNER JOIN admin_user_authority aua         ON au.id=aua.userId INNER JOIN  admin_menus am ON am.id=         aua.menuId WHERE au.username='admin' AND am.parentId=0;
1577721027490|0|statement|connection 260|SELECT am.* FROM admin_users au INNER JOIN admin_user_authority aua         ON au.id=aua.userId INNER JOIN  admin_menus am ON am.id=         aua.menuId WHERE au.username=? AND am.parentId=?;|SELECT am.* FROM admin_users au INNER JOIN admin_user_authority aua         ON au.id=aua.userId INNER JOIN  admin_menus am ON am.id=         aua.menuId WHERE au.username=NULL AND am.parentId=1;
1577721033389|1|statement|connection 260|SELECT am.* FROM admin_users au INNER JOIN admin_user_authority aua         ON au.id=aua.userId INNER JOIN  admin_menus am ON am.id=         aua.menuId WHERE au.username=? AND am.parentId=?;|SELECT am.* FROM admin_users au INNER JOIN admin_user_authority aua         ON au.id=aua.userId INNER JOIN  admin_menus am ON am.id=         aua.menuId WHERE au.username=NULL AND am.parentId=4;
1577721057522|1|statement|connection 260|select count(*) from admin_users where username=? and pwd=?|select count(*) from admin_users where username='admin' and pwd='f9f6dbf2591e8bd59cf101b9aee51f18'
1577721057575|1|statement|connection 260|SELECT am.* FROM admin_users au INNER JOIN admin_user_authority aua         ON au.id=aua.userId INNER JOIN  admin_menus am ON am.id=         aua.menuId WHERE au.username=? AND am.parentId=?;|SELECT am.* FROM admin_users au INNER JOIN admin_user_authority aua         ON au.id=aua.userId INNER JOIN  admin_menus am ON am.id=         aua.menuId WHERE au.username='admin' AND am.parentId=0;
1577721059244|0|statement|connection 260|SELECT am.* FROM admin_users au INNER JOIN admin_user_authority aua         ON au.id=aua.userId INNER JOIN  admin_menus am ON am.id=         aua.menuId WHERE au.username=? AND am.parentId=?;|SELECT am.* FROM admin_users au INNER JOIN admin_user_authority aua         ON au.id=aua.userId INNER JOIN  admin_menus am ON am.id=         aua.menuId WHERE au.username='admin' AND am.parentId=1;
1577721060137|0|statement|connection 260|select * from web_menu where menuType='1' limit ?, ?|select * from web_menu where menuType='1' limit 0, 10
1577721060139|0|statement|connection 260|select count(*) from web_menu where menuType='1'|select count(*) from web_menu where menuType='1'
1577721060141|1|commit|connection 260||
1577721256451|60|statement|connection 260|delete from web_menu where id in (2,3,4,5,6,7,8,12)|delete from web_menu where id in (2,3,4,5,6,7,8,12)
1577721256484|1|statement|connection 260|select * from web_menu where menuType='1' limit ?, ?|select * from web_menu where menuType='1' limit 0, 10
1577721256485|0|statement|connection 260|select count(*) from web_menu where menuType='1'|select count(*) from web_menu where menuType='1'
1577721256487|1|commit|connection 260||
1577721295510|99|statement|connection 260|insert into web_menu values(null,?,?,1,now())|insert into web_menu values(null,'美食','http://www.meishi.com',1,now())
1577721295561|0|statement|connection 260|select * from web_menu where menuType='1' limit ?, ?|select * from web_menu where menuType='1' limit 0, 10
1577721295563|0|statement|connection 260|select count(*) from web_menu where menuType='1'|select count(*) from web_menu where menuType='1'
1577721295564|0|commit|connection 260||
1577883014420|17|statement|connection 0|/* ping */ SELECT 1|
1577883044843|102|statement|connection 0|select count(*) from admin_users where username=? and pwd=?|select count(*) from admin_users where username='admin' and pwd='f9f6dbf2591e8bd59cf101b9aee51f18'
1577883044966|2|statement|connection 0|SELECT am.* FROM admin_users au INNER JOIN admin_user_authority aua         ON au.id=aua.userId INNER JOIN  admin_menus am ON am.id=         aua.menuId WHERE au.username=? AND am.parentId=?;|SELECT am.* FROM admin_users au INNER JOIN admin_user_authority aua         ON au.id=aua.userId INNER JOIN  admin_menus am ON am.id=         aua.menuId WHERE au.username='admin' AND am.parentId=0;
1577883047180|1|statement|connection 0|SELECT am.* FROM admin_users au INNER JOIN admin_user_authority aua         ON au.id=aua.userId INNER JOIN  admin_menus am ON am.id=         aua.menuId WHERE au.username=? AND am.parentId=?;|SELECT am.* FROM admin_users au INNER JOIN admin_user_authority aua         ON au.id=aua.userId INNER JOIN  admin_menus am ON am.id=         aua.menuId WHERE au.username='admin' AND am.parentId=1;
1577883048460|1|statement|connection 0|select * from web_menu where menuType='1' limit ?, ?|select * from web_menu where menuType='1' limit 0, 10
1577883048463|1|statement|connection 0|select count(*) from web_menu where menuType='1'|select count(*) from web_menu where menuType='1'
1577883048464|0|commit|connection 0||
1577939011922|19|statement|connection 0|/* ping */ SELECT 1|
1577939026520|18|statement|connection 0|select count(*) from admin_users where username=? and pwd=?|select count(*) from admin_users where username='admin' and pwd='f9f6dbf2591e8bd59cf101b9aee51f18'
1577939026710|16|statement|connection 0|SELECT am.* FROM admin_users au INNER JOIN admin_user_authority aua         ON au.id=aua.userId INNER JOIN  admin_menus am ON am.id=         aua.menuId WHERE au.username=? AND am.parentId=?;|SELECT am.* FROM admin_users au INNER JOIN admin_user_authority aua         ON au.id=aua.userId INNER JOIN  admin_menus am ON am.id=         aua.menuId WHERE au.username='admin' AND am.parentId=0;
1577939028334|1|statement|connection 0|SELECT am.* FROM admin_users au INNER JOIN admin_user_authority aua         ON au.id=aua.userId INNER JOIN  admin_menus am ON am.id=         aua.menuId WHERE au.username=? AND am.parentId=?;|SELECT am.* FROM admin_users au INNER JOIN admin_user_authority aua         ON au.id=aua.userId INNER JOIN  admin_menus am ON am.id=         aua.menuId WHERE au.username='admin' AND am.parentId=1;
1577939029201|1|statement|connection 0|select * from web_menu where menuType='1' limit ?, ?|select * from web_menu where menuType='1' limit 0, 10
1577939029204|1|statement|connection 0|select count(*) from web_menu where menuType='1'|select count(*) from web_menu where menuType='1'
1577939029205|0|commit|connection 0||
1577951837662|18|statement|connection 0|/* ping */ SELECT 1|
1577951854256|29|statement|connection 0|select count(*) from admin_users where username=? and pwd=?|select count(*) from admin_users where username='admin' and pwd='f9f6dbf2591e8bd59cf101b9aee51f18'
1577951854463|14|statement|connection 0|SELECT am.* FROM admin_users au INNER JOIN admin_user_authority aua         ON au.id=aua.userId INNER JOIN  admin_menus am ON am.id=         aua.menuId WHERE au.username=? AND am.parentId=?;|SELECT am.* FROM admin_users au INNER JOIN admin_user_authority aua         ON au.id=aua.userId INNER JOIN  admin_menus am ON am.id=         aua.menuId WHERE au.username='admin' AND am.parentId=0;
1577951855937|0|statement|connection 0|SELECT am.* FROM admin_users au INNER JOIN admin_user_authority aua         ON au.id=aua.userId INNER JOIN  admin_menus am ON am.id=         aua.menuId WHERE au.username=? AND am.parentId=?;|SELECT am.* FROM admin_users au INNER JOIN admin_user_authority aua         ON au.id=aua.userId INNER JOIN  admin_menus am ON am.id=         aua.menuId WHERE au.username='admin' AND am.parentId=1;
1577951856566|10|statement|connection 0|select * from web_menu where menuType='1' limit ?, ?|select * from web_menu where menuType='1' limit 0, 10
1577951856568|0|statement|connection 0|select count(*) from web_menu where menuType='1'|select count(*) from web_menu where menuType='1'
1577951856569|0|commit|connection 0||
1578190979716|17|statement|connection 0|/* ping */ SELECT 1|
1578194562872|18|statement|connection 0|/* ping */ SELECT 1|
